<?xml version="1.0" encoding="UTF-8"?>
<!-- Generated by org.testng.reporters.JUnitReportReporter -->
<testsuite hostname="FULL" name="com.full.tests.ConnFireFoxSimple" tests="1" failures="0" timestamp="9 Feb 2018 18:11:46 GMT" time="11.571" errors="0">
  <testcase name="function" time="11.571" classname="com.full.tests.ConnFireFoxSimple"/>
</testsuite> <!-- com.full.tests.ConnFireFoxSimple -->
