<?xml version="1.0" encoding="UTF-8"?>
<!-- Generated by org.testng.reporters.JUnitReportReporter -->
<testsuite hostname="FULL" name="com.full.tests.LoginTests" tests="1" failures="0" timestamp="9 Feb 2018 18:09:59 GMT" time="12.477" errors="0">
  <testcase name="test" time="12.477" classname="com.full.tests.LoginTests"/>
</testsuite> <!-- com.full.tests.LoginTests -->
