<?xml version="1.0" encoding="UTF-8"?>
<!-- Generated by org.testng.reporters.JUnitReportReporter -->
<testsuite hostname="FULL" name="com.full.tests.tests" tests="1" failures="0" timestamp="8 Feb 2018 10:35:51 GMT" time="17.693" errors="0">
  <testcase name="wikipediaSearch" time="17.693" classname="com.full.tests.tests"/>
</testsuite> <!-- com.full.tests.tests -->
